<?xml version="1.0" encoding="UTF-8"?>
<!-- Generated by org.testng.reporters.JUnitReportReporter -->
<testsuite skipped="0" hostname="RSLPTP1013" name="org.parallelExecTest.SearchTest" tests="3" failures="0" timestamp="30 Jan 2020 11:44:06 GMT" time="61.670" errors="0">
  <testcase name="searchCases" time="4.763" classname="org.parallelExecTest.SearchTest"/>
  <testcase name="searchCases" time="28.062" classname="org.parallelExecTest.SearchTest"/>
  <testcase name="searchCases" time="28.845" classname="org.parallelExecTest.SearchTest"/>
</testsuite> <!-- org.parallelExecTest.SearchTest -->
