<?xml version="1.0" encoding="UTF-8"?>
<!-- Generated by org.testng.reporters.JUnitReportReporter -->
<testsuite skipped="0" hostname="RSLPTP1013" name="org.parallelExecTest.Calculation" tests="1" failures="0" timestamp="30 Jan 2020 11:44:06 GMT" time="0.006" errors="0">
  <testcase name="sum" time="0.006" classname="org.parallelExecTest.Calculation"/>
</testsuite> <!-- org.parallelExecTest.Calculation -->
